<?xml version="1.0" encoding="UTF-8"?>
<!-- Generated by org.testng.reporters.JUnitXMLReporter -->
<testsuite ignored="15" hostname="L-156141652" failures="0" tests="1" name="Default test" time="61.809" errors="0" timestamp="22 Jan 2019 10:47:31 GMT">
  <testcase classname="TestScripts.BaseSuiteFile" name="TC15_CiscoDemoTwo" time="50.546"/>
  <testcase classname="TestScripts.BaseSuiteFile" name="TC13_GetNextWork" time="0.0">
    <ignored/>
  </testcase> <!-- TC13_GetNextWork -->
  <testcase classname="TestScripts.BaseSuiteFile" name="TC08_WorkFlowCSV" time="0.0">
    <ignored/>
  </testcase> <!-- TC08_WorkFlowCSV -->
  <testcase classname="TestScripts.BaseSuiteFile" name="TC01_UserLogin" time="0.0">
    <ignored/>
  </testcase> <!-- TC01_UserLogin -->
  <testcase classname="TestScripts.BaseSuiteFile" name="TC05_RoleBasedSecurity" time="0.0">
    <ignored/>
  </testcase> <!-- TC05_RoleBasedSecurity -->
  <testcase classname="TestScripts.BaseSuiteFile" name="TC14_CiscoDemo" time="0.0">
    <ignored/>
  </testcase> <!-- TC14_CiscoDemo -->
  <testcase classname="TestScripts.BaseSuiteFile" name="TC03_NewUserE2EFlow" time="0.0">
    <ignored/>
  </testcase> <!-- TC03_NewUserE2EFlow -->
  <testcase classname="TestScripts.BaseSuiteFile" name="TC09_WorkFlowSSV" time="0.0">
    <ignored/>
  </testcase> <!-- TC09_WorkFlowSSV -->
  <testcase classname="TestScripts.BaseSuiteFile" name="TC06_BusinessRulesAndDecisioning" time="0.0">
    <ignored/>
  </testcase> <!-- TC06_BusinessRulesAndDecisioning -->
  <testcase classname="TestScripts.BaseSuiteFile" name="TC02_ManagerLogin" time="0.0">
    <ignored/>
  </testcase> <!-- TC02_ManagerLogin -->
  <testcase classname="TestScripts.BaseSuiteFile" name="TC07_Reporting" time="0.0">
    <ignored/>
  </testcase> <!-- TC07_Reporting -->
  <testcase classname="TestScripts.BaseSuiteFile" name="TC10_validateSLA" time="0.0">
    <ignored/>
  </testcase> <!-- TC10_validateSLA -->
  <testcase classname="TestScripts.BaseSuiteFile" name="TC04_LoginWithDiffUsers" time="0.0">
    <ignored/>
  </testcase> <!-- TC04_LoginWithDiffUsers -->
  <testcase classname="TestScripts.BaseSuiteFile" name="TC04_Test" time="0.0">
    <ignored/>
  </testcase> <!-- TC04_Test -->
  <testcase classname="TestScripts.BaseSuiteFile" name="TC11_E2EFlowInMultiBrowsers" time="0.0">
    <ignored/>
  </testcase> <!-- TC11_E2EFlowInMultiBrowsers -->
  <testcase classname="TestScripts.BaseSuiteFile" name="TC12_SkillBasedRouting" time="0.0">
    <ignored/>
  </testcase> <!-- TC12_SkillBasedRouting -->
</testsuite> <!-- Default test -->
