<?xml version="1.0" encoding="UTF-8"?>
<testng-results ignored="15" total="16" passed="1" failed="0" skipped="0">
  <reporter-output>
  </reporter-output>
  <suite started-at="2019-01-22T10:46:30Z" name="Default suite" finished-at="2019-01-22T10:47:31Z" duration-ms="61809">
    <groups>
    </groups>
    <test started-at="2019-01-22T10:46:30Z" name="Default test" finished-at="2019-01-22T10:47:31Z" duration-ms="61809">
      <class name="TestScripts.BaseSuiteFile">
        <test-method is-config="true" signature="beforeSuite()[pri:0, instance:TestScripts.BaseSuiteFile@496bc455]" started-at="2019-01-22T10:46:30Z" name="beforeSuite" finished-at="2019-01-22T10:46:30Z" duration-ms="14" status="PASS">
          <reporter-output>
          </reporter-output>
        </test-method> <!-- beforeSuite -->
        <test-method is-config="true" signature="beforeTest()[pri:0, instance:TestScripts.BaseSuiteFile@496bc455]" started-at="2019-01-22T10:46:30Z" name="beforeTest" finished-at="2019-01-22T10:46:30Z" duration-ms="489" status="PASS">
          <reporter-output>
          </reporter-output>
        </test-method> <!-- beforeTest -->
        <test-method is-config="true" signature="setup()[pri:0, instance:TestScripts.BaseSuiteFile@496bc455]" started-at="2019-01-22T10:46:30Z" name="setup" finished-at="2019-01-22T10:46:30Z" duration-ms="28" status="PASS">
          <reporter-output>
          </reporter-output>
        </test-method> <!-- setup -->
        <test-method is-config="true" signature="beforeMethod(java.lang.String, java.lang.reflect.Method)[pri:0, instance:TestScripts.BaseSuiteFile@496bc455]" started-at="2019-01-22T10:46:30Z" name="beforeMethod" finished-at="2019-01-22T10:46:36Z" duration-ms="5327" status="PASS">
          <params>
            <param index="0">
              <value>
                <![CDATA[optionalvalue]]>
              </value>
            </param>
            <param index="1">
              <value>
                <![CDATA[public void TestScripts.BaseSuiteFile.TC15_CiscoDemoTwo()]]>
              </value>
            </param>
          </params>
          <reporter-output>
          </reporter-output>
        </test-method> <!-- beforeMethod -->
        <test-method signature="TC15_CiscoDemoTwo()[pri:0, instance:TestScripts.BaseSuiteFile@496bc455]" started-at="2019-01-22T10:46:36Z" name="TC15_CiscoDemoTwo" description="Create An EndToEnd Flow" finished-at="2019-01-22T10:47:26Z" duration-ms="50546" status="PASS">
          <reporter-output>
          </reporter-output>
        </test-method> <!-- TC15_CiscoDemoTwo -->
        <test-method is-config="true" signature="afterMethod(org.testng.ITestResult)[pri:0, instance:TestScripts.BaseSuiteFile@496bc455]" started-at="2019-01-22T10:47:26Z" name="afterMethod" finished-at="2019-01-22T10:47:29Z" duration-ms="2285" status="PASS">
          <params>
            <param index="0">
              <value>
                <![CDATA[[TestResult name=TC15_CiscoDemoTwo status=SUCCESS method=BaseSuiteFile.TC15_CiscoDemoTwo()[pri:0, instance:TestScripts.BaseSuiteFile@496bc455] output={null}]]]>
              </value>
            </param>
          </params>
          <reporter-output>
          </reporter-output>
        </test-method> <!-- afterMethod -->
        <test-method is-config="true" signature="afterClass()[pri:0, instance:TestScripts.BaseSuiteFile@496bc455]" started-at="2019-01-22T10:47:29Z" name="afterClass" finished-at="2019-01-22T10:47:29Z" duration-ms="0" status="PASS">
          <reporter-output>
          </reporter-output>
        </test-method> <!-- afterClass -->
        <test-method is-config="true" signature="afterTest()[pri:0, instance:TestScripts.BaseSuiteFile@496bc455]" started-at="2019-01-22T10:47:29Z" name="afterTest" finished-at="2019-01-22T10:47:31Z" duration-ms="2686" status="PASS">
          <reporter-output>
          </reporter-output>
        </test-method> <!-- afterTest -->
        <test-method is-config="true" signature="afterSuite()[pri:0, instance:TestScripts.BaseSuiteFile@496bc455]" started-at="2019-01-22T10:47:31Z" name="afterSuite" finished-at="2019-01-22T10:47:31Z" duration-ms="2" status="PASS">
          <reporter-output>
          </reporter-output>
        </test-method> <!-- afterSuite -->
      </class> <!-- TestScripts.BaseSuiteFile -->
    </test> <!-- Default test -->
  </suite> <!-- Default suite -->
</testng-results>
