<?xml version="1.0" encoding="UTF-8"?>
<!-- Generated by org.testng.reporters.JUnitXMLReporter -->
<testsuite ignored="0" hostname="L-156141652" failures="6" tests="18" name="IE Test" time="418.977" errors="0" timestamp="07 Nov 2018 07:29:45 GMT">
  <testcase classname="TestScripts.BaseSuiteFile" name="TC01_UserLogin" time="9.104"/>
  <testcase classname="TestScripts.BaseSuiteFile" name="TC02_ManagerLogin" time="10.823"/>
  <testcase classname="TestScripts.BaseSuiteFile" name="TC03_NewUserE2EFlow" time="10.869">
    <failure type="junit.framework.AssertionFailedError" message="Decisions are NOT correctly displayed in Approval Pageorg.openqa.selenium.ElementNotInteractableException: Element is not displayed
Build info: version: &amp;apos;3.12.0&amp;apos;, revision: &amp;apos;7c6e0b3&amp;apos;, time: &amp;apos;2018-05-08T14:04:26.12Z&amp;apos;
System info: host: &amp;apos;L-156141652&amp;apos;, ip: &amp;apos;192.168.1.8&amp;apos;, os.name: &amp;apos;Windows 10&amp;apos;, os.arch: &amp;apos;amd64&amp;apos;, os.version: &amp;apos;10.0&amp;apos;, java.version: &amp;apos;10.0.2&amp;apos;
Driver info: org.openqa.selenium.ie.InternetExplorerDriver
Capabilities {acceptInsecureCerts: false, browserName: internet explorer, browserVersion: 11, javascriptEnabled: true, pageLoadStrategy: normal, platform: WINDOWS, platformName: WINDOWS, proxy: Proxy(), se:ieOptions: {browserAttachTimeout: 0, elementScrollBehavior: 0, enablePersistentHover: true, ie.browserCommandLineSwitches: , ie.ensureCleanSession: false, ie.fileUploadDialogTimeout: 3000, ie.forceCreateProcessApi: false, ignoreProtectedModeSettings: false, ignoreZoomSetting: false, initialBrowserUrl: http://localhost:24167/, nativeEvents: true, requireWindowFocus: false}, setWindowRect: true, timeouts: {implicit: 0, pageLoad: 300000, script: 30000}}
Session ID: c194ac74-1798-4fe7-b83e-94d14179505f">
      <![CDATA[junit.framework.AssertionFailedError: Decisions are NOT correctly displayed in Approval Pageorg.openqa.selenium.ElementNotInteractableException: Element is not displayed
Build info: version: '3.12.0', revision: '7c6e0b3', time: '2018-05-08T14:04:26.12Z'
System info: host: 'L-156141652', ip: '192.168.1.8', os.name: 'Windows 10', os.arch: 'amd64', os.version: '10.0', java.version: '10.0.2'
Driver info: org.openqa.selenium.ie.InternetExplorerDriver
Capabilities {acceptInsecureCerts: false, browserName: internet explorer, browserVersion: 11, javascriptEnabled: true, pageLoadStrategy: normal, platform: WINDOWS, platformName: WINDOWS, proxy: Proxy(), se:ieOptions: {browserAttachTimeout: 0, elementScrollBehavior: 0, enablePersistentHover: true, ie.browserCommandLineSwitches: , ie.ensureCleanSession: false, ie.fileUploadDialogTimeout: 3000, ie.forceCreateProcessApi: false, ignoreProtectedModeSettings: false, ignoreZoomSetting: false, initialBrowserUrl: http://localhost:24167/, nativeEvents: true, requireWindowFocus: false}, setWindowRect: true, timeouts: {implicit: 0, pageLoad: 300000, script: 30000}}
Session ID: c194ac74-1798-4fe7-b83e-94d14179505f
at junit.framework.Assert.fail(Assert.java:47)
at TestScripts.TC03_NewUserE2EFlow.NewUserE2EFlow(TC03_NewUserE2EFlow.java:80)
at TestScripts.BaseSuiteFile.TC03_NewUserE2EFlow(BaseSuiteFile.java:179)
... Removed 25 stack frames]]>
    </failure>
  </testcase> <!-- TC03_NewUserE2EFlow -->
  <testcase classname="TestScripts.BaseSuiteFile" name="TC04_LoginWithDiffUsers" time="14.135"/>
  <testcase classname="TestScripts.BaseSuiteFile" name="TC04_LoginWithDiffUsers" time="18.842"/>
  <testcase classname="TestScripts.BaseSuiteFile" name="TC04_LoginWithDiffUsers" time="21.662"/>
  <testcase classname="TestScripts.BaseSuiteFile" name="TC04_Test" time="0.0">
    <skipped/>
  </testcase> <!-- TC04_Test -->
  <testcase classname="TestScripts.BaseSuiteFile" name="TC05_RoleBasedSecurity" time="14.121">
    <failure type="java.lang.AssertionError" message="expected [true] but found [false]">
      <![CDATA[java.lang.AssertionError: expected [true] but found [false]
at TestScripts.TC05_RoleBasedSecurity.roleBasedSecurity(TC05_RoleBasedSecurity.java:22)
at TestScripts.BaseSuiteFile.TC05_RoleBasedSecurity(BaseSuiteFile.java:189)
... Removed 31 stack frames]]>
    </failure>
  </testcase> <!-- TC05_RoleBasedSecurity -->
  <testcase classname="TestScripts.BaseSuiteFile" name="TC06_BusinessRulesAndDecisioning" time="55.2"/>
  <testcase classname="TestScripts.BaseSuiteFile" name="TC06_BusinessRulesAndDecisioning" time="47.73"/>
  <testcase classname="TestScripts.BaseSuiteFile" name="TC07_Reporting" time="28.85">
    <failure type="junit.framework.AssertionFailedError" message="Report Creation Failed org.openqa.selenium.ElementClickInterceptedException: Element not clickable at point (1187,65). Other element would receive the click: &amp;lt;div class=&amp;quot;modal-align-cell&amp;quot;&amp;gt;
                    &amp;lt;div class=&amp;quot;modal-wrapper&amp;quot; id=&amp;quot;modalWrapper&amp;quot; role=&amp;quot;dialog&amp;quot; aria-labelledby=&amp;quot;modaldialog_hd_title&amp;quot; style=&amp;quot;width: auto; height: auto;&amp;quot;&amp;gt;
                        &amp;lt;div class=&amp;quot;modal-content&amp;quot; id=&amp;quot;modalContent&amp;quot; uniqueID=&amp;quot;yui-gen2&amp;quot;&amp;gt;
&amp;lt;div class=&amp;quot;sectionDivStyle &amp;quot; id=&amp;quot;RULE_KEY&amp;quot; version=&amp;quot;1&amp;quot; node_name=&amp;quot;pyReportBrowserTemplate&amp;quot; data-template=&amp;quot;&amp;quot; data-node-id=&amp;quot;pyReportBrowserTemplate&amp;quot; uniqueid=&amp;quot;SID1541575649226&amp;quot; expandrl=&amp;quot;&amp;quot; pyclassname=&amp;quot;Data-Report-Browser&amp;quot; objclass=&amp;quot;Rule-HTML-Section&amp;quot; node_type=&amp;quot;MAIN_RULE&amp;quot; base_ref=&amp;quot;&amp;quot; name=&amp;quot;BASE_REF&amp;quot; readonly=&amp;quot;false&amp;quot; index=&amp;quot;&amp;quot;&amp;gt;
  
    &amp;lt;table class=&amp;quot;customTableBoxStyle&amp;quot; id=&amp;quot;EXPAND-OUTERFRAME&amp;quot; role=&amp;quot;presentation&amp;quot; cellspacing=&amp;quot;0&amp;quot; cellpadding=&amp;quot;0&amp;quot; param_name=&amp;quot;EXPANDEDSubSectionpyReportBrowserTemplateB&amp;quot;&amp;gt;&amp;lt;tbody&amp;gt;&amp;lt;tr&amp;gt;&amp;lt;td&amp;gt;&amp;lt;div class=&amp;quot;hd&amp;quot; id=&amp;quot;modaldialog_hd&amp;quot; role=&amp;quot;alert&amp;quot; style=&amp;quot;max-width: 1315px;&amp;quot;&amp;gt;
	&amp;lt;span id=&amp;quot;modaldialog_hd_title&amp;quot;&amp;gt;        Create new category       &amp;lt;/span&amp;gt;
	&amp;lt;button name=&amp;quot;ModalHelpButton&amp;quot; title=&amp;quot;&amp;quot; class=&amp;quot;pi pi-help contextual-help&amp;quot; id=&amp;quot;ModalHelpButton&amp;quot; style=&amp;quot;top: 2px; color: rgb(32, 125, 200); margin-left: 2px; display: none; position: absolute;&amp;quot; onclick=&amp;quot;displayHelp(event)&amp;quot;&amp;gt;&amp;lt;/button&amp;gt;
	&amp;lt;button title=&amp;quot;close modal&amp;quot; class=&amp;quot;container-close&amp;quot; id=&amp;quot;container_close&amp;quot; type=&amp;quot;button&amp;quot;&amp;gt;&amp;lt;/button&amp;gt;
&amp;lt;/div&amp;gt;&amp;lt;div class=&amp;quot;customExpandInnerDivStyle yui-resize modal-scroll-panel&amp;quot; id=&amp;quot;yui-gen5&amp;quot; style=&amp;quot;max-height: 475px; max-width: 1287px;&amp;quot; section_index=&amp;quot;1&amp;quot;&amp;gt;&amp;lt;table width=&amp;quot;100%&amp;quot; role=&amp;quot;presentation&amp;quot; cellspacing=&amp;quot;0&amp;quot; cellpadding=&amp;quot;0&amp;quot;&amp;gt;
							&amp;lt;tbody&amp;gt;&amp;lt;tr&amp;gt;&amp;lt;td class=&amp;quot;dataLabelWrite&amp;quot; style=&amp;quot;width: 100%; min-width: 250px;&amp;quot;&amp;gt;&amp;lt;div id=&amp;quot;modaldialog_con&amp;quot;&amp;gt;   &amp;lt;div align=&amp;apos;\&amp;quot;left\&amp;quot;&amp;apos; id=&amp;quot;pyFlowActionHTML&amp;quot; base_ref=&amp;quot;D_pzReportBrowser7&amp;quot; name=&amp;quot;BASE_REF&amp;quot; prim_page=&amp;quot;D_pzReportBrowser7&amp;quot; fa_title=&amp;quot;        Create new category       &amp;quot; locked=&amp;quot;&amp;quot; thread_name=&amp;quot;TABTHREAD0&amp;quot; temp_assign_ref=&amp;quot;&amp;quot; temp_base_ref=&amp;quot;&amp;quot;&amp;gt;    &amp;lt;!-- include the flowaction HTML--&amp;gt;  &amp;lt;!-- When there is no interest page, just show the stream --&amp;gt;             
&amp;lt;div class=&amp;quot;sectionDivStyle &amp;quot; id=&amp;quot;RULE_KEY&amp;quot; version=&amp;quot;1&amp;quot; node_name=&amp;quot;pzNewCategory7&amp;quot; data-template=&amp;quot;&amp;quot; data-node-id=&amp;quot;pzNewCategory7&amp;quot; uniqueid=&amp;quot;SID1541575649227&amp;quot; expandrl=&amp;quot;&amp;quot; pyclassname=&amp;quot;Rule-Category&amp;quot; objclass=&amp;quot;Rule-HTML-Section&amp;quot; node_type=&amp;quot;MAIN_RULE&amp;quot; base_ref=&amp;quot;TempNewCategoryPage&amp;quot; name=&amp;quot;BASE_REF&amp;quot; readonly=&amp;quot;false&amp;quot; index=&amp;quot;&amp;quot;&amp;gt;
  
    &amp;lt;div class=&amp;quot;layout layout-none&amp;quot; data-template=&amp;quot;&amp;quot; data-layout-id=&amp;quot;&amp;quot;&amp;gt;&amp;lt;div class=&amp;quot;layout-body &amp;quot; section_index=&amp;quot;1&amp;quot;&amp;gt;&amp;lt;div class=&amp;quot; content layout-content-default  content-default clearfix&amp;quot; aria-label=&amp;quot;&amp;quot; bsimplelayout=&amp;quot;true&amp;quot; data-template=&amp;quot;&amp;quot; data-methodname=&amp;quot;&amp;quot;&amp;gt;&amp;lt;div class=&amp;quot;content-item content-field item-1&amp;quot; string_type=&amp;quot;field&amp;quot; data-template=&amp;quot;&amp;quot; reserve_space=&amp;quot;false&amp;quot;&amp;gt;&amp;lt;div class=&amp;quot;content-inner &amp;quot;&amp;gt;&amp;lt;label class=&amp;quot;field-caption dataLabelForWrite&amp;quot; for=&amp;quot;pyCategoryName&amp;quot;&amp;gt;&amp;lt;span class=&amp;quot;iconRequired standard_iconRequired&amp;quot;&amp;gt;Category name&amp;lt;/span&amp;gt;&amp;lt;strong class=&amp;quot;required-field-accessibility&amp;quot;&amp;gt;Required&amp;lt;/strong&amp;gt;&amp;lt;/label&amp;gt;&amp;lt;div class=&amp;quot;field-item dataValueWrite&amp;quot;&amp;gt;&amp;lt;span nowrap=&amp;quot;&amp;quot;&amp;gt;&amp;lt;input name=&amp;quot;$PTempNewCategoryPage$ppyCategoryName&amp;quot; title=&amp;quot;&amp;quot; class=&amp;quot;leftJustifyStyle ErrorShade&amp;quot; id=&amp;quot;pyCategoryName&amp;quot; type=&amp;quot;text&amp;quot; maxlength=&amp;quot;64&amp;quot; placeholder=&amp;quot;&amp;quot; value=&amp;quot;RepCat10&amp;quot; data-ctl=&amp;apos;[&amp;quot;TextInput&amp;quot;]&amp;apos; data-template=&amp;quot;&amp;quot; data-test-id=&amp;quot;2015032317351300171546&amp;quot; data-change=&amp;apos;[[&amp;quot;refresh&amp;quot;, [&amp;quot;thisSection&amp;quot;,&amp;quot;&amp;quot;, &amp;quot;&amp;quot;, &amp;quot;&amp;amp;amp;=&amp;quot;, &amp;quot;&amp;quot;, &amp;quot;pzCategorySetup,&amp;quot;,&amp;quot;:event&amp;quot;,&amp;quot;&amp;quot;,&amp;quot;TempNewCategoryPage&amp;quot;]]]&amp;apos; validationtype=&amp;quot;javaidentifier,identifier,required&amp;quot;&amp;gt;&amp;lt;div class=&amp;quot;iconErrorDiv dynamic-icon-error-div&amp;quot; id=&amp;quot;$PTempNewCategoryPage$ppyCategoryNameError&amp;quot;&amp;gt;&amp;lt;span class=&amp;quot;iconError dynamic-icon-error&amp;quot; id=&amp;quot;PegaRULESErrorFlag&amp;quot; errid=&amp;quot;&amp;quot;&amp;gt;Category already exists with same name&amp;lt;/span&amp;gt;&amp;lt;/div&amp;gt;&amp;lt;/span&amp;gt;&amp;lt;/div&amp;gt;&amp;lt;/div&amp;gt;&amp;lt;/div&amp;gt;&amp;lt;div class=&amp;quot;content-item content-field item-2&amp;quot; string_type=&amp;quot;field&amp;quot; data-template=&amp;quot;&amp;quot; reserve_space=&amp;quot;false&amp;quot;&amp;gt;&amp;lt;div class=&amp;quot;content-inner &amp;quot;&amp;gt;&amp;lt;label class=&amp;quot;field-caption dataLabelForWrite&amp;quot; for=&amp;quot;pyCategoryDescription&amp;quot;&amp;gt;&amp;lt;span class=&amp;quot;iconRequired standard_iconRequired&amp;quot;&amp;gt;Category description&amp;lt;/span&amp;gt;&amp;lt;strong class=&amp;quot;required-field-accessibility&amp;quot;&amp;gt;Required&amp;lt;/strong&amp;gt;&amp;lt;/label&amp;gt;&amp;lt;div class=&amp;quot;field-item dataValueWrite&amp;quot;&amp;gt;&amp;lt;span nowrap=&amp;quot;&amp;quot;&amp;gt;&amp;lt;input name=&amp;quot;$PTempNewCategoryPage$ppyCategoryDescription&amp;quot; title=&amp;quot;&amp;quot; class=&amp;quot;leftJustifyStyle&amp;quot; id=&amp;quot;pyCategoryDescription&amp;quot; type=&amp;quot;text&amp;quot; maxlength=&amp;quot;256&amp;quot; placeholder=&amp;quot;&amp;quot; value=&amp;quot;RepCatDesc10&amp;quot; data-ctl=&amp;apos;[&amp;quot;TextInput&amp;quot;]&amp;apos; data-template=&amp;quot;&amp;quot; data-test-id=&amp;quot;2015032317351300172566&amp;quot; data-change=&amp;apos;[[&amp;quot;refresh&amp;quot;, [&amp;quot;thisSection&amp;quot;,&amp;quot;&amp;quot;, &amp;quot;&amp;quot;, &amp;quot;&amp;amp;amp;=&amp;quot;, &amp;quot;&amp;quot;, &amp;quot;,&amp;quot;,&amp;quot;:event&amp;quot;,&amp;quot;&amp;quot;,&amp;quot;TempNewCategoryPage&amp;quot;]]]&amp;apos; validationtype=&amp;quot;required&amp;quot;&amp;gt;&amp;lt;/span&amp;gt;&amp;lt;/div&amp;gt;&amp;lt;/div&amp;gt;&amp;lt;/div&amp;gt;&amp;lt;div class=&amp;quot;content-item content-field item-3&amp;quot; string_type=&amp;quot;field&amp;quot; data-template=&amp;quot;&amp;quot; reserve_space=&amp;quot;false&amp;quot;&amp;gt;&amp;lt;div class=&amp;quot;content-inner &amp;quot;&amp;gt;&amp;lt;label class=&amp;quot;field-caption dataLabelForWrite&amp;quot; for=&amp;quot;pyOwnerType&amp;quot;&amp;gt;&amp;lt;span class=&amp;quot;iconRequired standard_iconRequired&amp;quot;&amp;gt;Category type&amp;lt;/span&amp;gt;&amp;lt;strong class=&amp;quot;required-field-accessibility&amp;quot;&amp;gt;Required&amp;lt;/strong&amp;gt;&amp;lt;/label&amp;gt;&amp;lt;div class=&amp;quot;field-item dataValueWrite&amp;quot;&amp;gt;&amp;lt;select name=&amp;quot;$PTempNewCategoryPage$ppyOwnerType&amp;quot; id=&amp;quot;pyOwnerType&amp;quot; style=&amp;quot;width: auto;&amp;quot; data-ctl=&amp;apos;[&amp;quot;Dropdown&amp;quot;]&amp;apos; data-template=&amp;quot;&amp;quot; data-test-id=&amp;quot;2015032317351300183425&amp;quot; data-change=&amp;apos;[[&amp;quot;setValue&amp;quot;, [[&amp;quot;TempNewCategoryPage.pyCategoryName&amp;quot;, &amp;quot;&amp;quot;, &amp;quot;TempNewCategoryPage.pyCategoryName&amp;quot;, &amp;quot;&amp;quot;,&amp;quot;#~TempNewCategoryPage.pyCategoryName~#&amp;quot;], [&amp;quot;TempNewCategoryPage.pyCategoryDescription&amp;quot;, &amp;quot;&amp;quot;, &amp;quot;TempNewCategoryPage.pyCategoryDescription&amp;quot;, &amp;quot;&amp;quot;,&amp;quot;#~TempNewCategoryPage.pyCategoryDescription~#&amp;quot;]]]]&amp;apos; validationtype=&amp;quot;identifier,required&amp;quot;&amp;gt;&amp;lt;option title=&amp;quot;&amp;quot; value=&amp;quot;S&amp;quot; selected=&amp;quot;&amp;quot;&amp;gt;Public&amp;lt;/option&amp;gt;&amp;lt;option title=&amp;quot;&amp;quot; value=&amp;quot;P&amp;quot;&amp;gt;Private&amp;lt;/option&amp;gt;&amp;lt;/select&amp;gt;&amp;lt;/div&amp;gt;&amp;lt;/div&amp;gt;&amp;lt;/div&amp;gt;&amp;lt;/div&amp;gt;&amp;lt;/div&amp;gt;&amp;lt;/div&amp;gt;
  
    &amp;lt;span class=&amp;quot;inspector-span&amp;quot; data-template=&amp;quot;&amp;quot; data-ui-meta=&amp;quot;{&amp;apos;type&amp;apos;:&amp;apos;Layout&amp;apos;,&amp;apos;subType&amp;apos;:&amp;apos;DYNAMICLAYOUT&amp;apos;,&amp;apos;pgRef&amp;apos;:&amp;apos;.pySections(1)&amp;apos;}&amp;quot;&amp;gt;&amp;lt;div class=&amp;quot;sectionDivStyle &amp;quot; id=&amp;quot;RULE_KEY&amp;quot; version=&amp;quot;1&amp;quot; node_name=&amp;quot;DisplayRFHarnessErrors&amp;quot; data-template=&amp;quot;&amp;quot; data-node-id=&amp;quot;DisplayRFHarnessErrors&amp;quot; uniqueid=&amp;quot;SID1541575649228&amp;quot; expandrl=&amp;quot;&amp;quot; pyclassname=&amp;quot;@baseclass&amp;quot; objclass=&amp;quot;Rule-HTML-Section&amp;quot; node_type=&amp;quot;MAIN_RULE&amp;quot; base_ref=&amp;quot;&amp;quot; name=&amp;quot;BASE_REF&amp;quot; readonly=&amp;quot;false&amp;quot; index=&amp;quot;&amp;quot;&amp;gt;&amp;lt;div class=&amp;quot;layout layout-noheader layout-noheader-errors  clear-floated-layouts&amp;quot; data-template=&amp;quot;&amp;quot; data-layout-id=&amp;quot;&amp;quot;&amp;gt;&amp;lt;div class=&amp;quot;layout-body clearfix &amp;quot; section_index=&amp;quot;1&amp;quot;&amp;gt;&amp;lt;div class=&amp;quot; content layout-content-inline_middle  content-inline_middle clearfix&amp;quot; aria-label=&amp;quot;&amp;quot; bsimplelayout=&amp;quot;true&amp;quot; data-template=&amp;quot;&amp;quot; data-methodname=&amp;quot;&amp;quot;&amp;gt;&amp;lt;div class=&amp;quot;content-item content-sub_section item-1 remove-all-spacing&amp;quot; string_type=&amp;quot;sub_section&amp;quot; data-template=&amp;quot;&amp;quot; reserve_space=&amp;quot;false&amp;quot;&amp;gt;&amp;lt;div class=&amp;quot;content-inner &amp;quot;&amp;gt;&amp;lt;div class=&amp;quot;custom_iconError&amp;quot; &amp;quot;=&amp;quot;&amp;quot;&amp;gt;&amp;lt;/div&amp;gt;&amp;lt;div&amp;gt;&amp;lt;b&amp;gt;Category name&amp;lt;/b&amp;gt;:&amp;lt;div class=&amp;quot;custom_text&amp;quot;&amp;gt; Category already exists with same name&amp;lt;/div&amp;gt;&amp;lt;/div&amp;gt;&amp;lt;/div&amp;gt;&amp;lt;/div&amp;gt;&amp;lt;/div&amp;gt;&amp;lt;/div&amp;gt;&amp;lt;/div&amp;gt;&amp;lt;/div&amp;gt;&amp;lt;/span&amp;gt;
  
&amp;lt;/div&amp;gt;
&amp;lt;span id=&amp;quot;pzFlowActionUITypeRef&amp;quot; style=&amp;quot;display: none;&amp;quot; uiref=&amp;quot;pzNewCategory7&amp;quot; uitype=&amp;quot;Rule-HTML-Section&amp;quot;&amp;gt;&amp;lt;/span&amp;gt;           &amp;lt;/div&amp;gt;          

                      &amp;lt;/div&amp;gt;&amp;lt;/td&amp;gt;
							&amp;lt;/tr&amp;gt;
							&amp;lt;/tbody&amp;gt;&amp;lt;/table&amp;gt;&amp;lt;input name=&amp;quot;EXPANDEDSubSectionpyReportBrowserTemplateB&amp;quot; id=&amp;quot;EXPAND-INDICATOR&amp;quot; type=&amp;quot;hidden&amp;quot; value=&amp;quot;&amp;quot;&amp;gt;&amp;lt;div class=&amp;quot;yui-resize-handle yui-resize-handle-br&amp;quot; id=&amp;quot;yui-gen6&amp;quot;&amp;gt;&amp;lt;div class=&amp;quot;yui-resize-handle-inner-br&amp;quot;&amp;gt;&amp;lt;/div&amp;gt;&amp;lt;/div&amp;gt;&amp;lt;/div&amp;gt;&amp;lt;div class=&amp;quot;yui-resize-proxy&amp;quot; style=&amp;quot;width: 323px; height: 289px;&amp;quot;&amp;gt;&amp;lt;/div&amp;gt;&amp;lt;/td&amp;gt;&amp;lt;/tr&amp;gt;&amp;lt;/tbody&amp;gt;&amp;lt;/table&amp;gt;
  
    &amp;lt;div class=&amp;quot;layout layout-noheader layout-noheader-modal_button_array&amp;quot; data-template=&amp;quot;&amp;quot; data-layout-id=&amp;quot;&amp;quot;&amp;gt;&amp;lt;div class=&amp;quot;layout-body clearfix &amp;quot; section_index=&amp;quot;2&amp;quot;&amp;gt;&amp;lt;div class=&amp;quot; content layout-content-stacked  content-stacked auto-width-column  clearfix&amp;quot; aria-label=&amp;quot;&amp;quot; bsimplelayout=&amp;quot;true&amp;quot; data-template=&amp;quot;&amp;quot; data-methodname=&amp;quot;&amp;quot;&amp;gt;&amp;lt;div class=&amp;quot;content-item content-layout item-1 remove-all-spacing float-left set-width-auto&amp;quot; string_type=&amp;quot;layout&amp;quot; data-template=&amp;quot;&amp;quot; reserve_space=&amp;quot;false&amp;quot;&amp;gt;&amp;lt;div class=&amp;quot;content-inner &amp;quot;&amp;gt;&amp;lt;div class=&amp;quot;layout layout-none&amp;quot; data-template=&amp;quot;&amp;quot; data-layout-id=&amp;quot;&amp;quot;&amp;gt;&amp;lt;div class=&amp;quot;layout-body clearfix &amp;quot; section_index=&amp;quot;5&amp;quot;&amp;gt;&amp;lt;div class=&amp;quot; content layout-content-inline_middle  content-inline_middle set-width-auto   clearfix&amp;quot; aria-label=&amp;quot;&amp;quot; bsimplelayout=&amp;quot;true&amp;quot; data-template=&amp;quot;&amp;quot; data-methodname=&amp;quot;&amp;quot;&amp;gt;&amp;lt;div class=&amp;quot;content-item content-field item-1 remove-all-spacing&amp;quot; string_type=&amp;quot;field&amp;quot; data-template=&amp;quot;&amp;quot; reserve_space=&amp;quot;false&amp;quot;&amp;gt;&amp;lt;div class=&amp;quot;content-inner &amp;quot;&amp;gt;&amp;lt;label class=&amp;quot;field-caption dataLabelForWrite&amp;quot; for=&amp;quot;pyTemplateInputBox&amp;quot;&amp;gt;&amp;lt;/label&amp;gt;&amp;lt;div class=&amp;quot;field-item dataValueWrite&amp;quot;&amp;gt;&amp;lt;table class=&amp;quot;buttonMainTable Standard&amp;quot; border=&amp;quot;0&amp;quot; cellspacing=&amp;quot;0&amp;quot; cellpadding=&amp;quot;0&amp;quot;&amp;gt;&amp;lt;tbody&amp;gt;&amp;lt;tr&amp;gt;&amp;lt;td class=&amp;quot;buttonTdLeft&amp;quot; onclick=&amp;quot;if(typeof(pega) !=&amp;apos;undefined&amp;apos; &amp;amp;amp;&amp;amp;amp; pega.u.d) pega.u.d.fireButtonClick(this.parentNode);&amp;quot;&amp;gt;&amp;lt;div class=&amp;quot;buttonLeftContent&amp;quot;&amp;gt;&amp;lt;div class=&amp;quot;buttonLeftContentInner&amp;quot;&amp;gt;&amp;amp;nbsp;&amp;lt;/div&amp;gt;&amp;lt;/div&amp;gt;&amp;lt;/td&amp;gt;&amp;lt;td class=&amp;quot;buttonTdMiddle&amp;quot; nowrap=&amp;quot;&amp;quot;&amp;gt;&amp;lt;button class=&amp;quot;buttonTdButton&amp;quot; id=&amp;quot;ModalButtonCancel&amp;quot; onclick=&amp;quot;if(typeof(pega) !=&amp;apos;undefined&amp;apos; &amp;amp;amp;&amp;amp;amp; pega.u.d) setUserStart(); doModalAction(&amp;apos;&amp;apos;,event); &amp;quot; type=&amp;quot;button&amp;quot; data-ctl=&amp;quot;non-auto&amp;quot; pega_version=&amp;quot;HTMLPROPERTY&amp;quot;&amp;gt;  Cancel &amp;lt;/button&amp;gt;&amp;lt;/td&amp;gt;&amp;lt;td class=&amp;quot;buttonTdRight&amp;quot; onclick=&amp;quot;if(typeof(pega) !=&amp;apos;undefined&amp;apos; &amp;amp;amp;&amp;amp;amp; pega.u.d) pega.u.d.fireButtonClick(this.parentNode);&amp;quot;&amp;gt;&amp;lt;div class=&amp;quot;buttonRightContent&amp;quot;&amp;gt;&amp;lt;div class=&amp;quot;buttonRightContentInner&amp;quot;&amp;gt;&amp;amp;nbsp;&amp;lt;/div&amp;gt;&amp;lt;/div&amp;gt;&amp;lt;/td&amp;gt;&amp;lt;/tr&amp;gt;&amp;lt;/tbody&amp;gt;&amp;lt;/table&amp;gt;&amp;lt;/div&amp;gt;&amp;lt;/div&amp;gt;&amp;lt;/div&amp;gt;&amp;lt;/div&amp;gt;&amp;lt;/div&amp;gt;&amp;lt;/div&amp;gt;&amp;lt;/div&amp;gt;&amp;lt;/div&amp;gt;&amp;lt;div class=&amp;quot;content-item content-layout item-2 remove-all-spacing float-right set-width-auto&amp;quot; string_type=&amp;quot;layout&amp;quot; data-template=&amp;quot;&amp;quot; reserve_space=&amp;quot;false&amp;quot;&amp;gt;&amp;lt;div class=&amp;quot;content-inner &amp;quot;&amp;gt;&amp;lt;div class=&amp;quot;layout layout-none&amp;quot; data-template=&amp;quot;&amp;quot; data-layout-id=&amp;quot;&amp;quot;&amp;gt;&amp;lt;div class=&amp;quot;layout-body clearfix &amp;quot; section_index=&amp;quot;8&amp;quot;&amp;gt;&amp;lt;div class=&amp;quot; content layout-content-inline_middle  content-inline_middle set-width-auto   clearfix&amp;quot; aria-label=&amp;quot;&amp;quot; bsimplelayout=&amp;quot;true&amp;quot; data-template=&amp;quot;&amp;quot; data-methodname=&amp;quot;&amp;quot;&amp;gt;&amp;lt;div class=&amp;quot;content-item content-field item-1 remove-all-spacing&amp;quot; string_type=&amp;quot;field&amp;quot; data-template=&amp;quot;&amp;quot; reserve_space=&amp;quot;false&amp;quot;&amp;gt;&amp;lt;div class=&amp;quot;content-inner &amp;quot;&amp;gt;&amp;lt;label class=&amp;quot;field-caption dataLabelForWrite&amp;quot; for=&amp;quot;pyTemplateInputBox&amp;quot;&amp;gt;&amp;lt;/label&amp;gt;&amp;lt;div class=&amp;quot;field-item dataValueWrite&amp;quot;&amp;gt;&amp;lt;table class=&amp;quot;buttonMainTable Strong&amp;quot; border=&amp;quot;0&amp;quot; cellspacing=&amp;quot;0&amp;quot; cellpadding=&amp;quot;0&amp;quot;&amp;gt;&amp;lt;tbody&amp;gt;&amp;lt;tr&amp;gt;&amp;lt;td class=&amp;quot;buttonTdLeft&amp;quot; onclick=&amp;quot;if(typeof(pega) !=&amp;apos;undefined&amp;apos; &amp;amp;amp;&amp;amp;amp; pega.u.d) pega.u.d.fireButtonClick(this.parentNode);&amp;quot;&amp;gt;&amp;lt;div class=&amp;quot;buttonLeftContent&amp;quot;&amp;gt;&amp;lt;div class=&amp;quot;buttonLeftContentInner&amp;quot;&amp;gt;&amp;amp;nbsp;&amp;lt;/div&amp;gt;&amp;lt;/div&amp;gt;&amp;lt;/td&amp;gt;&amp;lt;td class=&amp;quot;buttonTdMiddle&amp;quot; nowrap=&amp;quot;&amp;quot;&amp;gt;&amp;lt;button class=&amp;quot;buttonTdButton&amp;quot; id=&amp;quot;ModalButtonSubmit&amp;quot; onclick=&amp;quot;if(typeof(pega) !=&amp;apos;undefined&amp;apos; &amp;amp;amp;&amp;amp;amp; pega.u.d) setUserStart(); doModalAction(pega.u.d.submitModalDlgParam,event); &amp;quot; type=&amp;quot;button&amp;quot; data-ctl=&amp;quot;non-auto&amp;quot; pega_version=&amp;quot;HTMLPROPERTY&amp;quot;&amp;gt;  Submit &amp;lt;/button&amp;gt;&amp;lt;/td&amp;gt;&amp;lt;td class=&amp;quot;buttonTdRight&amp;quot; onclick=&amp;quot;if(typeof(pega) !=&amp;apos;undefined&amp;apos; &amp;amp;amp;&amp;amp;amp; pega.u.d) pega.u.d.fireButtonClick(this.parentNode);&amp;quot;&amp;gt;&amp;lt;div class=&amp;quot;buttonRightContent&amp;quot;&amp;gt;&amp;lt;div class=&amp;quot;buttonRightContentInner&amp;quot;&amp;gt;&amp;amp;nbsp;&amp;lt;/div&amp;gt;&amp;lt;/div&amp;gt;&amp;lt;/td&amp;gt;&amp;lt;/tr&amp;gt;&amp;lt;/tbody&amp;gt;&amp;lt;/table&amp;gt;&amp;lt;/div&amp;gt;&amp;lt;/div&amp;gt;&amp;lt;/div&amp;gt;&amp;lt;/div&amp;gt;&amp;lt;/div&amp;gt;&amp;lt;/div&amp;gt;&amp;lt;/div&amp;gt;&amp;lt;/div&amp;gt;&amp;lt;/div&amp;gt;&amp;lt;/div&amp;gt;&amp;lt;/div&amp;gt;
  
&amp;lt;/div&amp;gt;
&amp;lt;/div&amp;gt;
                    &amp;lt;/div&amp;gt;
                &amp;lt;/div&amp;gt;
Build info: version: &amp;apos;3.12.0&amp;apos;, revision: &amp;apos;7c6e0b3&amp;apos;, time: &amp;apos;2018-05-08T14:04:26.12Z&amp;apos;
System info: host: &amp;apos;L-156141652&amp;apos;, ip: &amp;apos;192.168.1.8&amp;apos;, os.name: &amp;apos;Windows 10&amp;apos;, os.arch: &amp;apos;amd64&amp;apos;, os.version: &amp;apos;10.0&amp;apos;, java.version: &amp;apos;10.0.2&amp;apos;
Driver info: org.openqa.selenium.ie.InternetExplorerDriver
Capabilities {acceptInsecureCerts: false, browserName: internet explorer, browserVersion: 11, javascriptEnabled: true, pageLoadStrategy: normal, platform: WINDOWS, platformName: WINDOWS, proxy: Proxy(), se:ieOptions: {browserAttachTimeout: 0, elementScrollBehavior: 0, enablePersistentHover: true, ie.browserCommandLineSwitches: , ie.ensureCleanSession: false, ie.fileUploadDialogTimeout: 3000, ie.forceCreateProcessApi: false, ignoreProtectedModeSettings: false, ignoreZoomSetting: false, initialBrowserUrl: http://localhost:35081/, nativeEvents: true, requireWindowFocus: false}, setWindowRect: true, timeouts: {implicit: 0, pageLoad: 300000, script: 30000}}
Session ID: dd782e84-074f-476f-820d-b6e6dcecfe62">
      <![CDATA[junit.framework.AssertionFailedError: Report Creation Failed org.openqa.selenium.ElementClickInterceptedException: Element not clickable at point (1187,65). Other element would receive the click: <div class="modal-align-cell">
                    <div class="modal-wrapper" id="modalWrapper" role="dialog" aria-labelledby="modaldialog_hd_title" style="width: auto; height: auto;">
                        <div class="modal-content" id="modalContent" uniqueID="yui-gen2">
<div class="sectionDivStyle " id="RULE_KEY" version="1" node_name="pyReportBrowserTemplate" data-template="" data-node-id="pyReportBrowserTemplate" uniqueid="SID1541575649226" expandrl="" pyclassname="Data-Report-Browser" objclass="Rule-HTML-Section" node_type="MAIN_RULE" base_ref="" name="BASE_REF" readonly="false" index="">
  
    <table class="customTableBoxStyle" id="EXPAND-OUTERFRAME" role="presentation" cellspacing="0" cellpadding="0" param_name="EXPANDEDSubSectionpyReportBrowserTemplateB"><tbody><tr><td><div class="hd" id="modaldialog_hd" role="alert" style="max-width: 1315px;">
<span id="modaldialog_hd_title">        Create new category       </span>
<button name="ModalHelpButton" title="" class="pi pi-help contextual-help" id="ModalHelpButton" style="top: 2px; color: rgb(32, 125, 200); margin-left: 2px; display: none; position: absolute;" onclick="displayHelp(event)"></button>
<button title="close modal" class="container-close" id="container_close" type="button"></button>
</div><div class="customExpandInnerDivStyle yui-resize modal-scroll-panel" id="yui-gen5" style="max-height: 475px; max-width: 1287px;" section_index="1"><table width="100%" role="presentation" cellspacing="0" cellpadding="0">
<tbody><tr><td class="dataLabelWrite" style="width: 100%; min-width: 250px;"><div id="modaldialog_con">   <div align='\"left\"' id="pyFlowActionHTML" base_ref="D_pzReportBrowser7" name="BASE_REF" prim_page="D_pzReportBrowser7" fa_title="        Create new category       " locked="" thread_name="TABTHREAD0" temp_assign_ref="" temp_base_ref="">    <!-- include the flowaction HTML-->  <!-- When there is no interest page, just show the stream -->             
<div class="sectionDivStyle " id="RULE_KEY" version="1" node_name="pzNewCategory7" data-template="" data-node-id="pzNewCategory7" uniqueid="SID1541575649227" expandrl="" pyclassname="Rule-Category" objclass="Rule-HTML-Section" node_type="MAIN_RULE" base_ref="TempNewCategoryPage" name="BASE_REF" readonly="false" index="">
  
    <div class="layout layout-none" data-template="" data-layout-id=""><div class="layout-body " section_index="1"><div class=" content layout-content-default  content-default clearfix" aria-label="" bsimplelayout="true" data-template="" data-methodname=""><div class="content-item content-field item-1" string_type="field" data-template="" reserve_space="false"><div class="content-inner "><label class="field-caption dataLabelForWrite" for="pyCategoryName"><span class="iconRequired standard_iconRequired">Category name</span><strong class="required-field-accessibility">Required</strong></label><div class="field-item dataValueWrite"><span nowrap=""><input name="$PTempNewCategoryPage$ppyCategoryName" title="" class="leftJustifyStyle ErrorShade" id="pyCategoryName" type="text" maxlength="64" placeholder="" value="RepCat10" data-ctl='["TextInput"]' data-template="" data-test-id="2015032317351300171546" data-change='[["refresh", ["thisSection","", "", "&amp;=", "", "pzCategorySetup,",":event","","TempNewCategoryPage"]]]' validationtype="javaidentifier,identifier,required"><div class="iconErrorDiv dynamic-icon-error-div" id="$PTempNewCategoryPage$ppyCategoryNameError"><span class="iconError dynamic-icon-error" id="PegaRULESErrorFlag" errid="">Category already exists with same name</span></div></span></div></div></div><div class="content-item content-field item-2" string_type="field" data-template="" reserve_space="false"><div class="content-inner "><label class="field-caption dataLabelForWrite" for="pyCategoryDescription"><span class="iconRequired standard_iconRequired">Category description</span><strong class="required-field-accessibility">Required</strong></label><div class="field-item dataValueWrite"><span nowrap=""><input name="$PTempNewCategoryPage$ppyCategoryDescription" title="" class="leftJustifyStyle" id="pyCategoryDescription" type="text" maxlength="256" placeholder="" value="RepCatDesc10" data-ctl='["TextInput"]' data-template="" data-test-id="2015032317351300172566" data-change='[["refresh", ["thisSection","", "", "&amp;=", "", ",",":event","","TempNewCategoryPage"]]]' validationtype="required"></span></div></div></div><div class="content-item content-field item-3" string_type="field" data-template="" reserve_space="false"><div class="content-inner "><label class="field-caption dataLabelForWrite" for="pyOwnerType"><span class="iconRequired standard_iconRequired">Category type</span><strong class="required-field-accessibility">Required</strong></label><div class="field-item dataValueWrite"><select name="$PTempNewCategoryPage$ppyOwnerType" id="pyOwnerType" style="width: auto;" data-ctl='["Dropdown"]' data-template="" data-test-id="2015032317351300183425" data-change='[["setValue", [["TempNewCategoryPage.pyCategoryName", "", "TempNewCategoryPage.pyCategoryName", "","#~TempNewCategoryPage.pyCategoryName~#"], ["TempNewCategoryPage.pyCategoryDescription", "", "TempNewCategoryPage.pyCategoryDescription", "","#~TempNewCategoryPage.pyCategoryDescription~#"]]]]' validationtype="identifier,required"><option title="" value="S" selected="">Public</option><option title="" value="P">Private</option></select></div></div></div></div></div></div>
  
    <span class="inspector-span" data-template="" data-ui-meta="{'type':'Layout','subType':'DYNAMICLAYOUT','pgRef':'.pySections(1)'}"><div class="sectionDivStyle " id="RULE_KEY" version="1" node_name="DisplayRFHarnessErrors" data-template="" data-node-id="DisplayRFHarnessErrors" uniqueid="SID1541575649228" expandrl="" pyclassname="@baseclass" objclass="Rule-HTML-Section" node_type="MAIN_RULE" base_ref="" name="BASE_REF" readonly="false" index=""><div class="layout layout-noheader layout-noheader-errors  clear-floated-layouts" data-template="" data-layout-id=""><div class="layout-body clearfix " section_index="1"><div class=" content layout-content-inline_middle  content-inline_middle clearfix" aria-label="" bsimplelayout="true" data-template="" data-methodname=""><div class="content-item content-sub_section item-1 remove-all-spacing" string_type="sub_section" data-template="" reserve_space="false"><div class="content-inner "><div class="custom_iconError" "=""></div><div><b>Category name</b>:<div class="custom_text"> Category already exists with same name</div></div></div></div></div></div></div></div></span>
  
</div>
<span id="pzFlowActionUITypeRef" style="display: none;" uiref="pzNewCategory7" uitype="Rule-HTML-Section"></span>           </div>          

                      </div></td>
</tr>
</tbody></table><input name="EXPANDEDSubSectionpyReportBrowserTemplateB" id="EXPAND-INDICATOR" type="hidden" value=""><div class="yui-resize-handle yui-resize-handle-br" id="yui-gen6"><div class="yui-resize-handle-inner-br"></div></div></div><div class="yui-resize-proxy" style="width: 323px; height: 289px;"></div></td></tr></tbody></table>
  
    <div class="layout layout-noheader layout-noheader-modal_button_array" data-template="" data-layout-id=""><div class="layout-body clearfix " section_index="2"><div class=" content layout-content-stacked  content-stacked auto-width-column  clearfix" aria-label="" bsimplelayout="true" data-template="" data-methodname=""><div class="content-item content-layout item-1 remove-all-spacing float-left set-width-auto" string_type="layout" data-template="" reserve_space="false"><div class="content-inner "><div class="layout layout-none" data-template="" data-layout-id=""><div class="layout-body clearfix " section_index="5"><div class=" content layout-content-inline_middle  content-inline_middle set-width-auto   clearfix" aria-label="" bsimplelayout="true" data-template="" data-methodname=""><div class="content-item content-field item-1 remove-all-spacing" string_type="field" data-template="" reserve_space="false"><div class="content-inner "><label class="field-caption dataLabelForWrite" for="pyTemplateInputBox"></label><div class="field-item dataValueWrite"><table class="buttonMainTable Standard" border="0" cellspacing="0" cellpadding="0"><tbody><tr><td class="buttonTdLeft" onclick="if(typeof(pega) !='undefined' &amp;&amp; pega.u.d) pega.u.d.fireButtonClick(this.parentNode);"><div class="buttonLeftContent"><div class="buttonLeftContentInner">&nbsp;</div></div></td><td class="buttonTdMiddle" nowrap=""><button class="buttonTdButton" id="ModalButtonCancel" onclick="if(typeof(pega) !='undefined' &amp;&amp; pega.u.d) setUserStart(); doModalAction('',event); " type="button" data-ctl="non-auto" pega_version="HTMLPROPERTY">  Cancel </button></td><td class="buttonTdRight" onclick="if(typeof(pega) !='undefined' &amp;&amp; pega.u.d) pega.u.d.fireButtonClick(this.parentNode);"><div class="buttonRightContent"><div class="buttonRightContentInner">&nbsp;</div></div></td></tr></tbody></table></div></div></div></div></div></div></div></div><div class="content-item content-layout item-2 remove-all-spacing float-right set-width-auto" string_type="layout" data-template="" reserve_space="false"><div class="content-inner "><div class="layout layout-none" data-template="" data-layout-id=""><div class="layout-body clearfix " section_index="8"><div class=" content layout-content-inline_middle  content-inline_middle set-width-auto   clearfix" aria-label="" bsimplelayout="true" data-template="" data-methodname=""><div class="content-item content-field item-1 remove-all-spacing" string_type="field" data-template="" reserve_space="false"><div class="content-inner "><label class="field-caption dataLabelForWrite" for="pyTemplateInputBox"></label><div class="field-item dataValueWrite"><table class="buttonMainTable Strong" border="0" cellspacing="0" cellpadding="0"><tbody><tr><td class="buttonTdLeft" onclick="if(typeof(pega) !='undefined' &amp;&amp; pega.u.d) pega.u.d.fireButtonClick(this.parentNode);"><div class="buttonLeftContent"><div class="buttonLeftContentInner">&nbsp;</div></div></td><td class="buttonTdMiddle" nowrap=""><button class="buttonTdButton" id="ModalButtonSubmit" onclick="if(typeof(pega) !='undefined' &amp;&amp; pega.u.d) setUserStart(); doModalAction(pega.u.d.submitModalDlgParam,event); " type="button" data-ctl="non-auto" pega_version="HTMLPROPERTY">  Submit </button></td><td class="buttonTdRight" onclick="if(typeof(pega) !='undefined' &amp;&amp; pega.u.d) pega.u.d.fireButtonClick(this.parentNode);"><div class="buttonRightContent"><div class="buttonRightContentInner">&nbsp;</div></div></td></tr></tbody></table></div></div></div></div></div></div></div></div></div></div></div>
  
</div>
</div>
                    </div>
                </div>
Build info: version: '3.12.0', revision: '7c6e0b3', time: '2018-05-08T14:04:26.12Z'
System info: host: 'L-156141652', ip: '192.168.1.8', os.name: 'Windows 10', os.arch: 'amd64', os.version: '10.0', java.version: '10.0.2'
Driver info: org.openqa.selenium.ie.InternetExplorerDriver
Capabilities {acceptInsecureCerts: false, browserName: internet explorer, browserVersion: 11, javascriptEnabled: true, pageLoadStrategy: normal, platform: WINDOWS, platformName: WINDOWS, proxy: Proxy(), se:ieOptions: {browserAttachTimeout: 0, elementScrollBehavior: 0, enablePersistentHover: true, ie.browserCommandLineSwitches: , ie.ensureCleanSession: false, ie.fileUploadDialogTimeout: 3000, ie.forceCreateProcessApi: false, ignoreProtectedModeSettings: false, ignoreZoomSetting: false, initialBrowserUrl: http://localhost:35081/, nativeEvents: true, requireWindowFocus: false}, setWindowRect: true, timeouts: {implicit: 0, pageLoad: 300000, script: 30000}}
Session ID: dd782e84-074f-476f-820d-b6e6dcecfe62
at junit.framework.Assert.fail(Assert.java:47)
at LibraryFiles.ReUsableLibrary.createAReport(ReUsableLibrary.java:1135)
at TestScripts.TC07_Reporting.reporting(TC07_Reporting.java:32)
at TestScripts.BaseSuiteFile.TC07_Reporting(BaseSuiteFile.java:199)
... Removed 25 stack frames]]>
    </failure>
  </testcase> <!-- TC07_Reporting -->
  <testcase classname="TestScripts.BaseSuiteFile" name="TC08_WorkFlowCSV" time="33.246">
    <failure type="junit.framework.AssertionFailedError" message="Client Side Validations Failedorg.openqa.selenium.NoAlertPresentException: No alert is active
Build info: version: &amp;apos;3.12.0&amp;apos;, revision: &amp;apos;7c6e0b3&amp;apos;, time: &amp;apos;2018-05-08T14:04:26.12Z&amp;apos;
System info: host: &amp;apos;L-156141652&amp;apos;, ip: &amp;apos;192.168.1.8&amp;apos;, os.name: &amp;apos;Windows 10&amp;apos;, os.arch: &amp;apos;amd64&amp;apos;, os.version: &amp;apos;10.0&amp;apos;, java.version: &amp;apos;10.0.2&amp;apos;
Driver info: org.openqa.selenium.ie.InternetExplorerDriver
Capabilities {acceptInsecureCerts: false, browserName: internet explorer, browserVersion: 11, javascriptEnabled: true, pageLoadStrategy: normal, platform: WINDOWS, platformName: WINDOWS, proxy: Proxy(), se:ieOptions: {browserAttachTimeout: 0, elementScrollBehavior: 0, enablePersistentHover: true, ie.browserCommandLineSwitches: , ie.ensureCleanSession: false, ie.fileUploadDialogTimeout: 3000, ie.forceCreateProcessApi: false, ignoreProtectedModeSettings: false, ignoreZoomSetting: false, initialBrowserUrl: http://localhost:39763/, nativeEvents: true, requireWindowFocus: false}, setWindowRect: true, timeouts: {implicit: 0, pageLoad: 300000, script: 30000}}
Session ID: d83c7385-3c98-42cc-82dd-dc4f9cff20e7">
      <![CDATA[junit.framework.AssertionFailedError: Client Side Validations Failedorg.openqa.selenium.NoAlertPresentException: No alert is active
Build info: version: '3.12.0', revision: '7c6e0b3', time: '2018-05-08T14:04:26.12Z'
System info: host: 'L-156141652', ip: '192.168.1.8', os.name: 'Windows 10', os.arch: 'amd64', os.version: '10.0', java.version: '10.0.2'
Driver info: org.openqa.selenium.ie.InternetExplorerDriver
Capabilities {acceptInsecureCerts: false, browserName: internet explorer, browserVersion: 11, javascriptEnabled: true, pageLoadStrategy: normal, platform: WINDOWS, platformName: WINDOWS, proxy: Proxy(), se:ieOptions: {browserAttachTimeout: 0, elementScrollBehavior: 0, enablePersistentHover: true, ie.browserCommandLineSwitches: , ie.ensureCleanSession: false, ie.fileUploadDialogTimeout: 3000, ie.forceCreateProcessApi: false, ignoreProtectedModeSettings: false, ignoreZoomSetting: false, initialBrowserUrl: http://localhost:39763/, nativeEvents: true, requireWindowFocus: false}, setWindowRect: true, timeouts: {implicit: 0, pageLoad: 300000, script: 30000}}
Session ID: d83c7385-3c98-42cc-82dd-dc4f9cff20e7
at junit.framework.Assert.fail(Assert.java:47)
at LibraryFiles.ReUsableLibrary.clientSideValidations(ReUsableLibrary.java:1193)
at TestScripts.TC08_WorkFlowCSV.CSV(TC08_WorkFlowCSV.java:13)
at TestScripts.BaseSuiteFile.TC08_WorkFlowCSV(BaseSuiteFile.java:204)
... Removed 25 stack frames]]>
    </failure>
  </testcase> <!-- TC08_WorkFlowCSV -->
  <testcase classname="TestScripts.BaseSuiteFile" name="TC09_WorkFlowSSV" time="44.66"/>
  <testcase classname="TestScripts.BaseSuiteFile" name="TC10_validateSLA" time="13.272">
    <failure type="junit.framework.AssertionFailedError" message="New Assignment Creation Failedorg.openqa.selenium.ElementNotInteractableException: Element is not displayed
Build info: version: &amp;apos;3.12.0&amp;apos;, revision: &amp;apos;7c6e0b3&amp;apos;, time: &amp;apos;2018-05-08T14:04:26.12Z&amp;apos;
System info: host: &amp;apos;L-156141652&amp;apos;, ip: &amp;apos;192.168.1.8&amp;apos;, os.name: &amp;apos;Windows 10&amp;apos;, os.arch: &amp;apos;amd64&amp;apos;, os.version: &amp;apos;10.0&amp;apos;, java.version: &amp;apos;10.0.2&amp;apos;
Driver info: org.openqa.selenium.ie.InternetExplorerDriver
Capabilities {acceptInsecureCerts: false, browserName: internet explorer, browserVersion: 11, javascriptEnabled: true, pageLoadStrategy: normal, platform: WINDOWS, platformName: WINDOWS, proxy: Proxy(), se:ieOptions: {browserAttachTimeout: 0, elementScrollBehavior: 0, enablePersistentHover: true, ie.browserCommandLineSwitches: , ie.ensureCleanSession: false, ie.fileUploadDialogTimeout: 3000, ie.forceCreateProcessApi: false, ignoreProtectedModeSettings: false, ignoreZoomSetting: false, initialBrowserUrl: http://localhost:40156/, nativeEvents: true, requireWindowFocus: false}, setWindowRect: true, timeouts: {implicit: 0, pageLoad: 300000, script: 30000}}
Session ID: 02c04df9-a03a-4391-99b8-a7e3ba5cbe1b">
      <![CDATA[junit.framework.AssertionFailedError: New Assignment Creation Failedorg.openqa.selenium.ElementNotInteractableException: Element is not displayed
Build info: version: '3.12.0', revision: '7c6e0b3', time: '2018-05-08T14:04:26.12Z'
System info: host: 'L-156141652', ip: '192.168.1.8', os.name: 'Windows 10', os.arch: 'amd64', os.version: '10.0', java.version: '10.0.2'
Driver info: org.openqa.selenium.ie.InternetExplorerDriver
Capabilities {acceptInsecureCerts: false, browserName: internet explorer, browserVersion: 11, javascriptEnabled: true, pageLoadStrategy: normal, platform: WINDOWS, platformName: WINDOWS, proxy: Proxy(), se:ieOptions: {browserAttachTimeout: 0, elementScrollBehavior: 0, enablePersistentHover: true, ie.browserCommandLineSwitches: , ie.ensureCleanSession: false, ie.fileUploadDialogTimeout: 3000, ie.forceCreateProcessApi: false, ignoreProtectedModeSettings: false, ignoreZoomSetting: false, initialBrowserUrl: http://localhost:40156/, nativeEvents: true, requireWindowFocus: false}, setWindowRect: true, timeouts: {implicit: 0, pageLoad: 300000, script: 30000}}
Session ID: 02c04df9-a03a-4391-99b8-a7e3ba5cbe1b
at junit.framework.Assert.fail(Assert.java:47)
at LibraryFiles.ReUsableLibrary.createNewAssignment(ReUsableLibrary.java:1281)
at TestScripts.TC10_validateSLA.validateSLA(TC10_validateSLA.java:18)
at TestScripts.BaseSuiteFile.TC10_validateSLA(BaseSuiteFile.java:214)
... Removed 25 stack frames]]>
    </failure>
  </testcase> <!-- TC10_validateSLA -->
  <testcase classname="TestScripts.BaseSuiteFile" name="TC11_E2EFlowInMultiBrowsers" time="8.99">
    <failure type="junit.framework.AssertionFailedError" message="Decisions are NOT correctly displayed in Approval Pageorg.openqa.selenium.ElementNotInteractableException: Element is not displayed
Build info: version: &amp;apos;3.12.0&amp;apos;, revision: &amp;apos;7c6e0b3&amp;apos;, time: &amp;apos;2018-05-08T14:04:26.12Z&amp;apos;
System info: host: &amp;apos;L-156141652&amp;apos;, ip: &amp;apos;192.168.1.8&amp;apos;, os.name: &amp;apos;Windows 10&amp;apos;, os.arch: &amp;apos;amd64&amp;apos;, os.version: &amp;apos;10.0&amp;apos;, java.version: &amp;apos;10.0.2&amp;apos;
Driver info: org.openqa.selenium.ie.InternetExplorerDriver
Capabilities {acceptInsecureCerts: false, browserName: internet explorer, browserVersion: 11, javascriptEnabled: true, pageLoadStrategy: normal, platform: WINDOWS, platformName: WINDOWS, proxy: Proxy(), se:ieOptions: {browserAttachTimeout: 0, elementScrollBehavior: 0, enablePersistentHover: true, ie.browserCommandLineSwitches: , ie.ensureCleanSession: false, ie.fileUploadDialogTimeout: 3000, ie.forceCreateProcessApi: false, ignoreProtectedModeSettings: false, ignoreZoomSetting: false, initialBrowserUrl: http://localhost:23695/, nativeEvents: true, requireWindowFocus: false}, setWindowRect: true, timeouts: {implicit: 0, pageLoad: 300000, script: 30000}}
Session ID: 80cb4d95-f4bd-4d71-a16e-16ece1e64686">
      <![CDATA[junit.framework.AssertionFailedError: Decisions are NOT correctly displayed in Approval Pageorg.openqa.selenium.ElementNotInteractableException: Element is not displayed
Build info: version: '3.12.0', revision: '7c6e0b3', time: '2018-05-08T14:04:26.12Z'
System info: host: 'L-156141652', ip: '192.168.1.8', os.name: 'Windows 10', os.arch: 'amd64', os.version: '10.0', java.version: '10.0.2'
Driver info: org.openqa.selenium.ie.InternetExplorerDriver
Capabilities {acceptInsecureCerts: false, browserName: internet explorer, browserVersion: 11, javascriptEnabled: true, pageLoadStrategy: normal, platform: WINDOWS, platformName: WINDOWS, proxy: Proxy(), se:ieOptions: {browserAttachTimeout: 0, elementScrollBehavior: 0, enablePersistentHover: true, ie.browserCommandLineSwitches: , ie.ensureCleanSession: false, ie.fileUploadDialogTimeout: 3000, ie.forceCreateProcessApi: false, ignoreProtectedModeSettings: false, ignoreZoomSetting: false, initialBrowserUrl: http://localhost:23695/, nativeEvents: true, requireWindowFocus: false}, setWindowRect: true, timeouts: {implicit: 0, pageLoad: 300000, script: 30000}}
Session ID: 80cb4d95-f4bd-4d71-a16e-16ece1e64686
at junit.framework.Assert.fail(Assert.java:47)
at TestScripts.TC11_E2EFlowInMultiBrowsers.e2eFlowInMultiBrowsers(TC11_E2EFlowInMultiBrowsers.java:79)
at TestScripts.BaseSuiteFile.TC11_E2EFlowInMultiBrowsers(BaseSuiteFile.java:219)
... Removed 25 stack frames]]>
    </failure>
  </testcase> <!-- TC11_E2EFlowInMultiBrowsers -->
  <testcase classname="TestScripts.BaseSuiteFile" name="TC12_SkillBasedRouting" time="0.0"/>
  <testcase classname="TestScripts.BaseSuiteFile" name="TC13_GetNextWork" time="0.0"/>
  <testcase classname="TestScripts.BaseSuiteFile" name="TC14_WorkBaskets" time="0.0"/>
</testsuite> <!-- IE Test -->
