<?xml version="1.0" encoding="UTF-8"?>
<!-- Generated by org.testng.reporters.JUnitXMLReporter -->
<testsuite hostname="WIN-ECFRNS5JM58" ignored="13" name="TestSuite1Tests" tests="1" failures="0" timestamp="28 Nov 2018 11:24:00 GMT" time="11.919" errors="0">
  <testcase name="TC02_ManagerLogin" time="7.169" classname="TestScripts.BaseSuiteFile"/>
  <testcase name="TC13_GetNextWork" time="0.0" classname="TestScripts.BaseSuiteFile">
    <ignored/>
  </testcase> <!-- TC13_GetNextWork -->
  <testcase name="TC08_WorkFlowCSV" time="0.0" classname="TestScripts.BaseSuiteFile">
    <ignored/>
  </testcase> <!-- TC08_WorkFlowCSV -->
  <testcase name="TC01_UserLogin" time="0.0" classname="TestScripts.BaseSuiteFile">
    <ignored/>
  </testcase> <!-- TC01_UserLogin -->
  <testcase name="TC05_RoleBasedSecurity" time="0.0" classname="TestScripts.BaseSuiteFile">
    <ignored/>
  </testcase> <!-- TC05_RoleBasedSecurity -->
  <testcase name="TC03_NewUserE2EFlow" time="0.0" classname="TestScripts.BaseSuiteFile">
    <ignored/>
  </testcase> <!-- TC03_NewUserE2EFlow -->
  <testcase name="TC09_WorkFlowSSV" time="0.0" classname="TestScripts.BaseSuiteFile">
    <ignored/>
  </testcase> <!-- TC09_WorkFlowSSV -->
  <testcase name="TC06_BusinessRulesAndDecisioning" time="0.0" classname="TestScripts.BaseSuiteFile">
    <ignored/>
  </testcase> <!-- TC06_BusinessRulesAndDecisioning -->
  <testcase name="TC07_Reporting" time="0.0" classname="TestScripts.BaseSuiteFile">
    <ignored/>
  </testcase> <!-- TC07_Reporting -->
  <testcase name="TC10_validateSLA" time="0.0" classname="TestScripts.BaseSuiteFile">
    <ignored/>
  </testcase> <!-- TC10_validateSLA -->
  <testcase name="TC04_LoginWithDiffUsers" time="0.0" classname="TestScripts.BaseSuiteFile">
    <ignored/>
  </testcase> <!-- TC04_LoginWithDiffUsers -->
  <testcase name="TC04_Test" time="0.0" classname="TestScripts.BaseSuiteFile">
    <ignored/>
  </testcase> <!-- TC04_Test -->
  <testcase name="TC11_E2EFlowInMultiBrowsers" time="0.0" classname="TestScripts.BaseSuiteFile">
    <ignored/>
  </testcase> <!-- TC11_E2EFlowInMultiBrowsers -->
  <testcase name="TC12_SkillBasedRouting" time="0.0" classname="TestScripts.BaseSuiteFile">
    <ignored/>
  </testcase> <!-- TC12_SkillBasedRouting -->
</testsuite> <!-- TestSuite1Tests -->
